# JRE version: Java(TM) SE Runtime Environment (8.0_20-b26) (build 1.8.0_20-b26)
# Java VM: Java HotSpot(TM) 64-Bit Server VM (25.20-b23 mixed mode windows-amd64 compressed oops)
Heap:
 PSYoungGen      total 278528K, used 105675K [0x00000000eb200000, 0x0000000100000000, 0x0000000100000000)
  eden space 224768K, 32% used [0x00000000eb200000,0x00000000ef9a2fc0,0x00000000f8d80000)
  from space 53760K, 60% used [0x00000000fc300000,0x00000000fe28fea8,0x00000000ff780000)
  to   space 54784K, 0% used [0x00000000f8d80000,0x00000000f8d80000,0x00000000fc300000)
 ParOldGen       total 97792K, used 22164K [0x00000000c1600000, 0x00000000c7580000, 0x00000000eb200000)
  object space 97792K, 22% used [0x00000000c1600000,0x00000000c2ba5228,0x00000000c7580000)
 Metaspace       used 53855K, capacity 54506K, committed 55040K, reserved 1097728K
  class space    used 6568K, capacity 6801K, committed 6912K, reserved 1048576K
GC Heap History (10 events):
Event: 23.207 GC heap before
{Heap before GC invocations=13 (full 2):
 PSYoungGen      total 272384K, used 272367K [0x00000000eb200000, 0x0000000100000000, 0x0000000100000000)
  eden space 226304K, 100% used [0x00000000eb200000,0x00000000f8f00000,0x00000000f8f00000)
  from space 46080K, 99% used [0x00000000fd300000,0x00000000ffffbe98,0x0000000100000000)
  to   space 57856K, 0% used [0x00000000f8f00000,0x00000000f8f00000,0x00000000fc780000)
 ParOldGen       total 129024K, used 76222K [0x00000000c1600000, 0x00000000c9400000, 0x00000000eb200000)
  object space 129024K, 59% used [0x00000000c1600000,0x00000000c606f880,0x00000000c9400000)
 Metaspace       used 25671K, capacity 26154K, committed 26496K, reserved 1073152K
  class space    used 3007K, capacity 3169K, committed 3200K, reserved 1048576K
Event: 23.299 GC heap after
Heap after GC invocations=13 (full 2):
 PSYoungGen      total 259584K, used 33161K [0x00000000eb200000, 0x0000000100000000, 0x0000000100000000)
  eden space 226304K, 0% used [0x00000000eb200000,0x00000000eb200000,0x00000000f8f00000)
  from space 33280K, 99% used [0x00000000f8f00000,0x00000000faf624a0,0x00000000faf80000)
  to   space 58880K, 0% used [0x00000000fc680000,0x00000000fc680000,0x0000000100000000)
 ParOldGen       total 129024K, used 78041K [0x00000000c1600000, 0x00000000c9400000, 0x00000000eb200000)
  object space 129024K, 60% used [0x00000000c1600000,0x00000000c62364b8,0x00000000c9400000)
 Metaspace       used 25671K, capacity 26154K, committed 26496K, reserved 1073152K
  class space    used 3007K, capacity 3169K, committed 3200K, reserved 1048576K
}
Event: 25.331 GC heap before
{Heap before GC invocations=14 (full 2):
 PSYoungGen      total 259584K, used 137276K [0x00000000eb200000, 0x0000000100000000, 0x0000000100000000)
  eden space 226304K, 46% used [0x00000000eb200000,0x00000000f17acd78,0x00000000f8f00000)
  from space 33280K, 99% used [0x00000000f8f00000,0x00000000faf624a0,0x00000000faf80000)
  to   space 58880K, 0% used [0x00000000fc680000,0x00000000fc680000,0x0000000100000000)
 ParOldGen       total 129024K, used 78041K [0x00000000c1600000, 0x00000000c9400000, 0x00000000eb200000)
  object space 129024K, 60% used [0x00000000c1600000,0x00000000c62364b8,0x00000000c9400000)
 Metaspace       used 33184K, capacity 33646K, committed 33920K, reserved 1079296K
  class space    used 3990K, capacity 4167K, committed 4224K, reserved 1048576K
Event: 25.342 GC heap after
Heap after GC invocations=14 (full 2):
 PSYoungGen      total 284672K, used 9171K [0x00000000eb200000, 0x0000000100000000, 0x0000000100000000)
  eden space 225792K, 0% used [0x00000000eb200000,0x00000000eb200000,0x00000000f8e80000)
  from space 58880K, 15% used [0x00000000fc680000,0x00000000fcf74e08,0x0000000100000000)
  to   space 57344K, 0% used [0x00000000f8e80000,0x00000000f8e80000,0x00000000fc680000)
 ParOldGen       total 129024K, used 78049K [0x00000000c1600000, 0x00000000c9400000, 0x00000000eb200000)
  object space 129024K, 60% used [0x00000000c1600000,0x00000000c62384b8,0x00000000c9400000)
 Metaspace       used 33184K, capacity 33646K, committed 33920K, reserved 1079296K
  class space    used 3990K, capacity 4167K, committed 4224K, reserved 1048576K
}
Event: 25.342 GC heap before
{Heap before GC invocations=15 (full 3):
 PSYoungGen      total 284672K, used 9171K [0x00000000eb200000, 0x0000000100000000, 0x0000000100000000)
  eden space 225792K, 0% used [0x00000000eb200000,0x00000000eb200000,0x00000000f8e80000)
  from space 58880K, 15% used [0x00000000fc680000,0x00000000fcf74e08,0x0000000100000000)
  to   space 57344K, 0% used [0x00000000f8e80000,0x00000000f8e80000,0x00000000fc680000)
 ParOldGen       total 129024K, used 78049K [0x00000000c1600000, 0x00000000c9400000, 0x00000000eb200000)
  object space 129024K, 60% used [0x00000000c1600000,0x00000000c62384b8,0x00000000c9400000)
 Metaspace       used 33184K, capacity 33646K, committed 33920K, reserved 1079296K
  class space    used 3990K, capacity 4167K, committed 4224K, reserved 1048576K
Event: 25.520 GC heap after
Heap after GC invocations=15 (full 3):
 PSYoungGen      total 284672K, used 0K [0x00000000eb200000, 0x0000000100000000, 0x0000000100000000)
  eden space 225792K, 0% used [0x00000000eb200000,0x00000000eb200000,0x00000000f8e80000)
  from space 58880K, 0% used [0x00000000fc680000,0x00000000fc680000,0x0000000100000000)
  to   space 57344K, 0% used [0x00000000f8e80000,0x00000000f8e80000,0x00000000fc680000)
 ParOldGen       total 97792K, used 22148K [0x00000000c1600000, 0x00000000c7580000, 0x00000000eb200000)
  object space 97792K, 22% used [0x00000000c1600000,0x00000000c2ba1228,0x00000000c7580000)
 Metaspace       used 33184K, capacity 33646K, committed 33920K, reserved 1079296K
  class space    used 3990K, capacity 4167K, committed 4224K, reserved 1048576K
}
Event: 32.401 GC heap before
{Heap before GC invocations=16 (full 3):
 PSYoungGen      total 284672K, used 225792K [0x00000000eb200000, 0x0000000100000000, 0x0000000100000000)
  eden space 225792K, 100% used [0x00000000eb200000,0x00000000f8e80000,0x00000000f8e80000)
  from space 58880K, 0% used [0x00000000fc680000,0x00000000fc680000,0x0000000100000000)
  to   space 57344K, 0% used [0x00000000f8e80000,0x00000000f8e80000,0x00000000fc680000)
 ParOldGen       total 97792K, used 22148K [0x00000000c1600000, 0x00000000c7580000, 0x00000000eb200000)
  object space 97792K, 22% used [0x00000000c1600000,0x00000000c2ba1228,0x00000000c7580000)
 Metaspace       used 45970K, capacity 46496K, committed 46848K, reserved 1089536K
  class space    used 5646K, capacity 5822K, committed 5888K, reserved 1048576K
Event: 32.439 GC heap after
Heap after GC invocations=16 (full 3):
 PSYoungGen      total 244736K, used 18795K [0x00000000eb200000, 0x00000000ff780000, 0x0000000100000000)
  eden space 225792K, 0% used [0x00000000eb200000,0x00000000eb200000,0x00000000f8e80000)
  from space 18944K, 99% used [0x00000000f8e80000,0x00000000fa0dac48,0x00000000fa100000)
  to   space 53760K, 0% used [0x00000000fc300000,0x00000000fc300000,0x00000000ff780000)
 ParOldGen       total 97792K, used 22156K [0x00000000c1600000, 0x00000000c7580000, 0x00000000eb200000)
  object space 97792K, 22% used [0x00000000c1600000,0x00000000c2ba3228,0x00000000c7580000)
 Metaspace       used 45970K, capacity 46496K, committed 46848K, reserved 1089536K
  class space    used 5646K, capacity 5822K, committed 5888K, reserved 1048576K
}
Event: 1730.839 GC heap before
{Heap before GC invocations=17 (full 3):
 PSYoungGen      total 244736K, used 244587K [0x00000000eb200000, 0x00000000ff780000, 0x0000000100000000)
  eden space 225792K, 100% used [0x00000000eb200000,0x00000000f8e80000,0x00000000f8e80000)
  from space 18944K, 99% used [0x00000000f8e80000,0x00000000fa0dac48,0x00000000fa100000)
  to   space 53760K, 0% used [0x00000000fc300000,0x00000000fc300000,0x00000000ff780000)
 ParOldGen       total 97792K, used 22156K [0x00000000c1600000, 0x00000000c7580000, 0x00000000eb200000)
  object space 97792K, 22% used [0x00000000c1600000,0x00000000c2ba3228,0x00000000c7580000)
 Metaspace       used 53231K, capacity 53808K, committed 54400K, reserved 1097728K
  class space    used 6539K, capacity 6699K, committed 6784K, reserved 1048576K
Event: 1730.893 GC heap after
Heap after GC invocations=17 (full 3):
 PSYoungGen      total 278528K, used 32319K [0x00000000eb200000, 0x0000000100000000, 0x0000000100000000)
  eden space 224768K, 0% used [0x00000000eb200000,0x00000000eb200000,0x00000000f8d80000)
  from space 53760K, 60% used [0x00000000fc300000,0x00000000fe28fea8,0x00000000ff780000)
  to   space 54784K, 0% used [0x00000000f8d80000,0x00000000f8d80000,0x00000000fc300000)
 ParOldGen       total 97792K, used 22164K [0x00000000c1600000, 0x00000000c7580000, 0x00000000eb200000)
  object space 97792K, 22% used [0x00000000c1600000,0x00000000c2ba5228,0x00000000c7580000)
 Metaspace       used 53231K, capacity 53808K, committed 54400K, reserved 1097728K
  class space    used 6539K, capacity 6699K, committed 6784K, reserved 1048576K
}

